[2020-10-08 18:17:42.101] [exthost] [info] extension host started
[2020-10-08 18:17:42.136] [exthost] [info] ExtensionService#_doActivateExtension vscode.debug-auto-launch {"startup":true,"extensionId":{"value":"vscode.debug-auto-launch","_lower":"vscode.debug-auto-launch"},"activationEvent":"*"}
[2020-10-08 18:17:42.137] [exthost] [info] ExtensionService#loadCommonJSModule file:///data/cvip2020/.vscode-server/bin/2af051012b66169dde0c4dfae3f5ef48f787ff69/extensions/debug-auto-launch/dist/extension
[2020-10-08 18:17:42.147] [exthost] [info] ExtensionService#_doActivateExtension vscode.emmet {"startup":true,"extensionId":{"value":"vscode.emmet","_lower":"vscode.emmet"},"activationEvent":"*"}
[2020-10-08 18:17:42.147] [exthost] [info] ExtensionService#loadCommonJSModule file:///data/cvip2020/.vscode-server/bin/2af051012b66169dde0c4dfae3f5ef48f787ff69/extensions/emmet/dist/node/emmetNodeMain
[2020-10-08 18:17:42.180] [exthost] [info] ExtensionService#_doActivateExtension vscode.git {"startup":true,"extensionId":{"value":"vscode.github","_lower":"vscode.github"},"activationEvent":"*"}
[2020-10-08 18:17:42.180] [exthost] [info] ExtensionService#loadCommonJSModule file:///data/cvip2020/.vscode-server/bin/2af051012b66169dde0c4dfae3f5ef48f787ff69/extensions/git/dist/main
[2020-10-08 18:17:42.249] [exthost] [info] ExtensionService#_doActivateExtension vscode.merge-conflict {"startup":true,"extensionId":{"value":"vscode.merge-conflict","_lower":"vscode.merge-conflict"},"activationEvent":"*"}
[2020-10-08 18:17:42.249] [exthost] [info] ExtensionService#loadCommonJSModule file:///data/cvip2020/.vscode-server/bin/2af051012b66169dde0c4dfae3f5ef48f787ff69/extensions/merge-conflict/dist/mergeConflictMain
[2020-10-08 18:17:42.254] [exthost] [info] ExtensionService#_doActivateExtension vscode.search-result {"startup":true,"extensionId":{"value":"vscode.search-result","_lower":"vscode.search-result"},"activationEvent":"*"}
[2020-10-08 18:17:42.254] [exthost] [info] ExtensionService#loadCommonJSModule file:///data/cvip2020/.vscode-server/bin/2af051012b66169dde0c4dfae3f5ef48f787ff69/extensions/search-result/dist/extension.js
[2020-10-08 18:17:42.345] [exthost] [info] ExtensionService#_doActivateExtension vscode.github {"startup":true,"extensionId":{"value":"vscode.github","_lower":"vscode.github"},"activationEvent":"*"}
[2020-10-08 18:17:42.345] [exthost] [info] ExtensionService#loadCommonJSModule file:///data/cvip2020/.vscode-server/bin/2af051012b66169dde0c4dfae3f5ef48f787ff69/extensions/github/dist/extension.js
[2020-10-08 18:17:42.377] [exthost] [info] eager extensions activated
[2020-10-08 18:17:45.487] [exthost] [info] ExtensionService#_doActivateExtension vscode.configuration-editing {"startup":false,"extensionId":{"value":"vscode.configuration-editing","_lower":"vscode.configuration-editing"},"activationEvent":"onLanguage:jsonc"}
[2020-10-08 18:17:45.487] [exthost] [info] ExtensionService#loadCommonJSModule file:///data/cvip2020/.vscode-server/bin/2af051012b66169dde0c4dfae3f5ef48f787ff69/extensions/configuration-editing/dist/configurationEditingMain
[2020-10-08 18:17:45.497] [exthost] [info] ExtensionService#_doActivateExtension vscode.json-language-features {"startup":false,"extensionId":{"value":"vscode.json-language-features","_lower":"vscode.json-language-features"},"activationEvent":"onLanguage:jsonc"}
[2020-10-08 18:17:45.498] [exthost] [info] ExtensionService#loadCommonJSModule file:///data/cvip2020/.vscode-server/bin/2af051012b66169dde0c4dfae3f5ef48f787ff69/extensions/json-language-features/client/dist/node/jsonClientMain
[2020-10-08 18:17:45.544] [exthost] [info] ExtensionService#_doActivateExtension vscode.typescript-language-features {"startup":false,"extensionId":{"value":"vscode.typescript-language-features","_lower":"vscode.typescript-language-features"},"activationEvent":"onLanguage:jsonc"}
[2020-10-08 18:17:45.544] [exthost] [info] ExtensionService#loadCommonJSModule file:///data/cvip2020/.vscode-server/bin/2af051012b66169dde0c4dfae3f5ef48f787ff69/extensions/typescript-language-features/dist/extension
