[2021-04-11 03:59:21.072] [exthost] [info] extension host started
[2021-04-11 03:59:22.340] [exthost] [info] ExtensionService#_doActivateExtension vscode.php-language-features {"startup":false,"extensionId":{"value":"vscode.php-language-features","_lower":"vscode.php-language-features"},"activationEvent":"onLanguage:php"}
[2021-04-11 03:59:22.341] [exthost] [info] ExtensionService#loadCommonJSModule file:///data/cvip2020/.vscode-server/bin/c185983a683d14c396952dd432459097bc7f757f/extensions/php-language-features/dist/phpMain
[2021-04-11 03:59:22.372] [exthost] [info] ExtensionService#_doActivateExtension vscode.debug-auto-launch {"startup":true,"extensionId":{"value":"vscode.debug-auto-launch","_lower":"vscode.debug-auto-launch"},"activationEvent":"*"}
[2021-04-11 03:59:22.372] [exthost] [info] ExtensionService#loadCommonJSModule file:///data/cvip2020/.vscode-server/bin/c185983a683d14c396952dd432459097bc7f757f/extensions/debug-auto-launch/dist/extension
[2021-04-11 03:59:22.377] [exthost] [info] ExtensionService#_doActivateExtension vscode.git {"startup":true,"extensionId":{"value":"vscode.github","_lower":"vscode.github"},"activationEvent":"*"}
[2021-04-11 03:59:22.377] [exthost] [info] ExtensionService#loadCommonJSModule file:///data/cvip2020/.vscode-server/bin/c185983a683d14c396952dd432459097bc7f757f/extensions/git/dist/main
[2021-04-11 03:59:22.679] [exthost] [info] ExtensionService#_doActivateExtension vscode.github {"startup":true,"extensionId":{"value":"vscode.github","_lower":"vscode.github"},"activationEvent":"*"}
[2021-04-11 03:59:22.679] [exthost] [info] ExtensionService#loadCommonJSModule file:///data/cvip2020/.vscode-server/bin/c185983a683d14c396952dd432459097bc7f757f/extensions/github/dist/extension.js
[2021-04-11 03:59:22.796] [exthost] [info] ExtensionService#_doActivateExtension vscode.configuration-editing {"startup":false,"extensionId":{"value":"vscode.configuration-editing","_lower":"vscode.configuration-editing"},"activationEvent":"onLanguage:jsonc"}
[2021-04-11 03:59:22.796] [exthost] [info] ExtensionService#loadCommonJSModule file:///data/cvip2020/.vscode-server/bin/c185983a683d14c396952dd432459097bc7f757f/extensions/configuration-editing/dist/configurationEditingMain
[2021-04-11 03:59:22.803] [exthost] [info] ExtensionService#_doActivateExtension vscode.json-language-features {"startup":false,"extensionId":{"value":"vscode.json-language-features","_lower":"vscode.json-language-features"},"activationEvent":"onLanguage:jsonc"}
[2021-04-11 03:59:22.803] [exthost] [info] ExtensionService#loadCommonJSModule file:///data/cvip2020/.vscode-server/bin/c185983a683d14c396952dd432459097bc7f757f/extensions/json-language-features/client/dist/node/jsonClientMain
[2021-04-11 03:59:22.873] [exthost] [info] ExtensionService#_doActivateExtension vscode.typescript-language-features {"startup":false,"extensionId":{"value":"vscode.typescript-language-features","_lower":"vscode.typescript-language-features"},"activationEvent":"onLanguage:jsonc"}
[2021-04-11 03:59:22.873] [exthost] [info] ExtensionService#loadCommonJSModule file:///data/cvip2020/.vscode-server/bin/c185983a683d14c396952dd432459097bc7f757f/extensions/typescript-language-features/dist/extension
[2021-04-11 03:59:23.161] [exthost] [info] ExtensionService#_doActivateExtension vscode.emmet {"startup":false,"extensionId":{"value":"vscode.emmet","_lower":"vscode.emmet"},"activationEvent":"onStartupFinished"}
[2021-04-11 03:59:23.161] [exthost] [info] ExtensionService#loadCommonJSModule file:///data/cvip2020/.vscode-server/bin/c185983a683d14c396952dd432459097bc7f757f/extensions/emmet/dist/node/emmetNodeMain
[2021-04-11 03:59:23.180] [exthost] [info] ExtensionService#_doActivateExtension vscode.merge-conflict {"startup":false,"extensionId":{"value":"vscode.merge-conflict","_lower":"vscode.merge-conflict"},"activationEvent":"onStartupFinished"}
[2021-04-11 03:59:23.180] [exthost] [info] ExtensionService#loadCommonJSModule file:///data/cvip2020/.vscode-server/bin/c185983a683d14c396952dd432459097bc7f757f/extensions/merge-conflict/dist/mergeConflictMain
[2021-04-11 03:59:23.185] [exthost] [info] ExtensionService#_doActivateExtension vscode.testing-editor-contributions {"startup":false,"extensionId":{"value":"vscode.testing-editor-contributions","_lower":"vscode.testing-editor-contributions"},"activationEvent":"onStartupFinished"}
[2021-04-11 03:59:23.185] [exthost] [info] ExtensionService#loadCommonJSModule file:///data/cvip2020/.vscode-server/bin/c185983a683d14c396952dd432459097bc7f757f/extensions/testing-editor-contributions/dist/extension.js
[2021-04-11 03:59:23.186] [exthost] [info] eager extensions activated
[2021-04-11 03:59:24.842] [exthost] [info] ExtensionService#_doActivateExtension ms-vscode.js-debug {"startup":false,"extensionId":{"value":"ms-vscode.js-debug","_lower":"ms-vscode.js-debug"},"activationEvent":"onCommand:extension.js-debug.clearAutoAttachVariables"}
[2021-04-11 03:59:24.842] [exthost] [info] ExtensionService#loadCommonJSModule file:///data/cvip2020/.vscode-server/bin/c185983a683d14c396952dd432459097bc7f757f/extensions/ms-vscode.js-debug/src/extension.js
[2021-04-11 04:22:44.727] [exthost] [info] extension host terminating: received terminate message from renderer
[2021-04-11 04:22:45.748] [exthost] [info] exiting with code 0
